<?xml version="1.0" encoding="UTF-8"?>
<testsuite xmlns:xsi="http://www.w3.org/2001/XMLSchema-instance" xsi:noNamespaceSchemaLocation="https://maven.apache.org/surefire/maven-surefire-plugin/xsd/surefire-test-report.xsd" name="com.philips.ps.prs.telemetrydata.service.TelemetryDataServiceImplTest" time="0.681" tests="5" errors="0" skipped="0" failures="0">
  <properties>
    <property name="java.specification.version" value="17"/>
    <property name="sun.cpu.isalist" value="amd64"/>
    <property name="sun.jnu.encoding" value="Cp1252"/>
    <property name="java.class.path" value="C:\msworkspace\telemetry-data-service\target\test-classes;C:\msworkspace\telemetry-data-service\target\classes;C:\Users\320192730\.m2\repository\org\springframework\boot\spring-boot-starter-web\3.0.4\spring-boot-starter-web-3.0.4.jar;C:\Users\320192730\.m2\repository\org\springframework\boot\spring-boot-starter\3.0.4\spring-boot-starter-3.0.4.jar;C:\Users\320192730\.m2\repository\org\springframework\boot\spring-boot\3.0.4\spring-boot-3.0.4.jar;C:\Users\320192730\.m2\repository\org\springframework\boot\spring-boot-autoconfigure\3.0.4\spring-boot-autoconfigure-3.0.4.jar;C:\Users\320192730\.m2\repository\jakarta\annotation\jakarta.annotation-api\2.1.1\jakarta.annotation-api-2.1.1.jar;C:\Users\320192730\.m2\repository\org\springframework\boot\spring-boot-starter-json\3.0.4\spring-boot-starter-json-3.0.4.jar;C:\Users\320192730\.m2\repository\com\fasterxml\jackson\datatype\jackson-datatype-jdk8\2.14.2\jackson-datatype-jdk8-2.14.2.jar;C:\Users\320192730\.m2\repository\com\fasterxml\jackson\module\jackson-module-parameter-names\2.14.2\jackson-module-parameter-names-2.14.2.jar;C:\Users\320192730\.m2\repository\org\springframework\boot\spring-boot-starter-tomcat\3.0.4\spring-boot-starter-tomcat-3.0.4.jar;C:\Users\320192730\.m2\repository\org\apache\tomcat\embed\tomcat-embed-core\10.1.5\tomcat-embed-core-10.1.5.jar;C:\Users\320192730\.m2\repository\org\apache\tomcat\embed\tomcat-embed-websocket\10.1.5\tomcat-embed-websocket-10.1.5.jar;C:\Users\320192730\.m2\repository\org\springframework\spring-web\6.0.6\spring-web-6.0.6.jar;C:\Users\320192730\.m2\repository\io\micrometer\micrometer-observation\1.10.4\micrometer-observation-1.10.4.jar;C:\Users\320192730\.m2\repository\io\micrometer\micrometer-commons\1.10.4\micrometer-commons-1.10.4.jar;C:\Users\320192730\.m2\repository\org\springframework\spring-webmvc\6.0.6\spring-webmvc-6.0.6.jar;C:\Users\320192730\.m2\repository\org\springframework\spring-aop\6.0.6\spring-aop-6.0.6.jar;C:\Users\320192730\.m2\repository\org\springframework\spring-expression\6.0.6\spring-expression-6.0.6.jar;C:\Users\320192730\.m2\repository\com\philips\ps\prs\prs-common-core\0.2.3-RELEASE\prs-common-core-0.2.3-RELEASE.jar;C:\Users\320192730\.m2\repository\org\hibernate\validator\hibernate-validator\8.0.0.Final\hibernate-validator-8.0.0.Final.jar;C:\Users\320192730\.m2\repository\jakarta\validation\jakarta.validation-api\3.0.2\jakarta.validation-api-3.0.2.jar;C:\Users\320192730\.m2\repository\org\jboss\logging\jboss-logging\3.5.0.Final\jboss-logging-3.5.0.Final.jar;C:\Users\320192730\.m2\repository\com\fasterxml\classmate\1.5.1\classmate-1.5.1.jar;C:\Users\320192730\.m2\repository\com\google\guava\guava\25.0-jre\guava-25.0-jre.jar;C:\Users\320192730\.m2\repository\com\google\code\findbugs\jsr305\1.3.9\jsr305-1.3.9.jar;C:\Users\320192730\.m2\repository\org\checkerframework\checker-compat-qual\2.0.0\checker-compat-qual-2.0.0.jar;C:\Users\320192730\.m2\repository\com\google\errorprone\error_prone_annotations\2.1.3\error_prone_annotations-2.1.3.jar;C:\Users\320192730\.m2\repository\com\google\j2objc\j2objc-annotations\1.1\j2objc-annotations-1.1.jar;C:\Users\320192730\.m2\repository\org\codehaus\mojo\animal-sniffer-annotations\1.14\animal-sniffer-annotations-1.14.jar;C:\Users\320192730\.m2\repository\org\springframework\security\spring-security-core\6.0.2\spring-security-core-6.0.2.jar;C:\Users\320192730\.m2\repository\org\springframework\security\spring-security-crypto\6.0.2\spring-security-crypto-6.0.2.jar;C:\Users\320192730\.m2\repository\org\codehaus\jackson\jackson-mapper-asl\1.9.13\jackson-mapper-asl-1.9.13.jar;C:\Users\320192730\.m2\repository\org\codehaus\jackson\jackson-core-asl\1.9.13\jackson-core-asl-1.9.13.jar;C:\Users\320192730\.m2\repository\com\philips\ps\prs\prs-common-vault\0.1.7-RELEASE\prs-common-vault-0.1.7-RELEASE.jar;C:\Users\320192730\.m2\repository\com\philips\ps\prs\prs-common-audit\0.1.10-RELEASE\prs-common-audit-0.1.10-RELEASE.jar;C:\Users\320192730\.m2\repository\org\apache\commons\commons-collections4\4.4\commons-collections4-4.4.jar;C:\Users\320192730\.m2\repository\ca\uhn\hapi\fhir\hapi-fhir-structures-hl7org-dstu2\3.2.0\hapi-fhir-structures-hl7org-dstu2-3.2.0.jar;C:\Users\320192730\.m2\repository\ca\uhn\hapi\fhir\hapi-fhir-base\3.2.0\hapi-fhir-base-3.2.0.jar;C:\Users\320192730\.m2\repository\commons-io\commons-io\2.5\commons-io-2.5.jar;C:\Users\320192730\.m2\repository\org\slf4j\jcl-over-slf4j\2.0.6\jcl-over-slf4j-2.0.6.jar;C:\Users\320192730\.m2\repository\ca\uhn\hapi\fhir\hapi-fhir-utilities\3.2.0\hapi-fhir-utilities-3.2.0.jar;C:\Users\320192730\.m2\repository\xpp3\xpp3_min\1.1.4c\xpp3_min-1.1.4c.jar;C:\Users\320192730\.m2\repository\net\sf\saxon\Saxon-HE\9.5.1-5\Saxon-HE-9.5.1-5.jar;C:\Users\320192730\.m2\repository\com\philips\ps\prs\prs-common-auth\1.1.13-RELEASE\prs-common-auth-1.1.13-RELEASE.jar;C:\Users\320192730\.m2\repository\com\fasterxml\jackson\datatype\jackson-datatype-jsr310\2.14.2\jackson-datatype-jsr310-2.14.2.jar;C:\Users\320192730\.m2\repository\org\springframework\cloud\spring-cloud-spring-service-connector\2.0.1.RELEASE\spring-cloud-spring-service-connector-2.0.1.RELEASE.jar;C:\Users\320192730\.m2\repository\org\springframework\cloud\spring-cloud-connectors-core\2.0.1.RELEASE\spring-cloud-connectors-core-2.0.1.RELEASE.jar;C:\Users\320192730\.m2\repository\org\springframework\data\spring-data-redis\3.0.3\spring-data-redis-3.0.3.jar;C:\Users\320192730\.m2\repository\org\springframework\data\spring-data-keyvalue\3.0.3\spring-data-keyvalue-3.0.3.jar;C:\Users\320192730\.m2\repository\org\springframework\data\spring-data-commons\3.0.3\spring-data-commons-3.0.3.jar;C:\Users\320192730\.m2\repository\org\springframework\spring-tx\6.0.6\spring-tx-6.0.6.jar;C:\Users\320192730\.m2\repository\org\springframework\spring-oxm\6.0.6\spring-oxm-6.0.6.jar;C:\Users\320192730\.m2\repository\org\springframework\spring-context-support\6.0.6\spring-context-support-6.0.6.jar;C:\Users\320192730\.m2\repository\org\slf4j\slf4j-api\2.0.6\slf4j-api-2.0.6.jar;C:\Users\320192730\.m2\repository\redis\clients\jedis\4.3.1\jedis-4.3.1.jar;C:\Users\320192730\.m2\repository\org\apache\commons\commons-pool2\2.11.1\commons-pool2-2.11.1.jar;C:\Users\320192730\.m2\repository\org\json\json\20220320\json-20220320.jar;C:\Users\320192730\.m2\repository\com\jayway\jsonpath\json-path\2.7.0\json-path-2.7.0.jar;C:\Users\320192730\.m2\repository\net\minidev\json-smart\2.4.8\json-smart-2.4.8.jar;C:\Users\320192730\.m2\repository\net\minidev\accessors-smart\2.4.8\accessors-smart-2.4.8.jar;C:\Users\320192730\.m2\repository\org\ow2\asm\asm\9.1\asm-9.1.jar;C:\Users\320192730\.m2\repository\com\philips\dhp\audit-sdk\2.1.0.5-RELEASE\audit-sdk-2.1.0.5-RELEASE.jar;C:\Users\320192730\.m2\repository\org\apache\httpcomponents\httpclient\4.5.14\httpclient-4.5.14.jar;C:\Users\320192730\.m2\repository\org\apache\httpcomponents\httpcore\4.4.16\httpcore-4.4.16.jar;C:\Users\320192730\.m2\repository\commons-codec\commons-codec\1.15\commons-codec-1.15.jar;C:\Users\320192730\.m2\repository\com\philips\dhp\audit-model\2.1.0.5-RELEASE\audit-model-2.1.0.5-RELEASE.jar;C:\Users\320192730\.m2\repository\org\springframework\boot\spring-boot-starter-log4j2\3.0.4\spring-boot-starter-log4j2-3.0.4.jar;C:\Users\320192730\.m2\repository\org\apache\logging\log4j\log4j-slf4j2-impl\2.19.0\log4j-slf4j2-impl-2.19.0.jar;C:\Users\320192730\.m2\repository\org\springframework\cloud\spring-cloud-localconfig-connector\2.0.4.RELEASE\spring-cloud-localconfig-connector-2.0.4.RELEASE.jar;C:\Users\320192730\.m2\repository\org\apache\commons\commons-lang3\3.12.0\commons-lang3-3.12.0.jar;C:\Users\320192730\.m2\repository\org\springframework\cloud\spring-cloud-cloudfoundry-connector\2.0.4.RELEASE\spring-cloud-cloudfoundry-connector-2.0.4.RELEASE.jar;C:\Users\320192730\.m2\repository\org\apache\logging\log4j\log4j-1.2-api\2.19.0\log4j-1.2-api-2.19.0.jar;C:\Users\320192730\.m2\repository\org\apache\logging\log4j\log4j-api\2.19.0\log4j-api-2.19.0.jar;C:\Users\320192730\.m2\repository\org\apache\logging\log4j\log4j-core\2.19.0\log4j-core-2.19.0.jar;C:\Users\320192730\.m2\repository\org\apache\logging\log4j\log4j-web\2.19.0\log4j-web-2.19.0.jar;C:\Users\320192730\.m2\repository\org\apache\logging\log4j\log4j-jul\2.19.0\log4j-jul-2.19.0.jar;C:\Users\320192730\.m2\repository\org\glassfish\jaxb\jaxb-runtime\4.0.2\jaxb-runtime-4.0.2.jar;C:\Users\320192730\.m2\repository\org\glassfish\jaxb\jaxb-core\4.0.2\jaxb-core-4.0.2.jar;C:\Users\320192730\.m2\repository\org\eclipse\angus\angus-activation\2.0.0\angus-activation-2.0.0.jar;C:\Users\320192730\.m2\repository\org\glassfish\jaxb\txw2\4.0.2\txw2-4.0.2.jar;C:\Users\320192730\.m2\repository\com\sun\istack\istack-commons-runtime\4.1.1\istack-commons-runtime-4.1.1.jar;C:\Users\320192730\.m2\repository\com\google\code\gson\gson\2.9.1\gson-2.9.1.jar;C:\Users\320192730\.m2\repository\com\fasterxml\jackson\core\jackson-annotations\2.14.2\jackson-annotations-2.14.2.jar;C:\Users\320192730\.m2\repository\com\fasterxml\jackson\core\jackson-core\2.14.2\jackson-core-2.14.2.jar;C:\Users\320192730\.m2\repository\com\nimbusds\nimbus-jose-jwt\9.22\nimbus-jose-jwt-9.22.jar;C:\Users\320192730\.m2\repository\com\github\stephenc\jcip\jcip-annotations\1.0-1\jcip-annotations-1.0-1.jar;C:\Users\320192730\.m2\repository\org\jsoup\jsoup\1.15.1\jsoup-1.15.1.jar;C:\Users\320192730\.m2\repository\org\owasp\encoder\encoder\1.2.3\encoder-1.2.3.jar;C:\Users\320192730\.m2\repository\org\springframework\boot\spring-boot-starter-validation\3.0.4\spring-boot-starter-validation-3.0.4.jar;C:\Users\320192730\.m2\repository\org\apache\tomcat\embed\tomcat-embed-el\10.1.5\tomcat-embed-el-10.1.5.jar;C:\Users\320192730\.m2\repository\org\projectlombok\lombok\1.18.24\lombok-1.18.24.jar;C:\Users\320192730\.m2\repository\org\yaml\snakeyaml\2.0\snakeyaml-2.0.jar;C:\Users\320192730\.m2\repository\org\springframework\boot\spring-boot-starter-test\3.0.4\spring-boot-starter-test-3.0.4.jar;C:\Users\320192730\.m2\repository\org\springframework\boot\spring-boot-test\3.0.4\spring-boot-test-3.0.4.jar;C:\Users\320192730\.m2\repository\org\springframework\boot\spring-boot-test-autoconfigure\3.0.4\spring-boot-test-autoconfigure-3.0.4.jar;C:\Users\320192730\.m2\repository\org\assertj\assertj-core\3.23.1\assertj-core-3.23.1.jar;C:\Users\320192730\.m2\repository\net\bytebuddy\byte-buddy\1.12.23\byte-buddy-1.12.23.jar;C:\Users\320192730\.m2\repository\org\hamcrest\hamcrest\2.2\hamcrest-2.2.jar;C:\Users\320192730\.m2\repository\org\junit\jupiter\junit-jupiter\5.9.2\junit-jupiter-5.9.2.jar;C:\Users\320192730\.m2\repository\org\junit\jupiter\junit-jupiter-api\5.9.2\junit-jupiter-api-5.9.2.jar;C:\Users\320192730\.m2\repository\org\opentest4j\opentest4j\1.2.0\opentest4j-1.2.0.jar;C:\Users\320192730\.m2\repository\org\junit\platform\junit-platform-commons\1.9.2\junit-platform-commons-1.9.2.jar;C:\Users\320192730\.m2\repository\org\apiguardian\apiguardian-api\1.1.2\apiguardian-api-1.1.2.jar;C:\Users\320192730\.m2\repository\org\junit\jupiter\junit-jupiter-params\5.9.2\junit-jupiter-params-5.9.2.jar;C:\Users\320192730\.m2\repository\org\junit\jupiter\junit-jupiter-engine\5.9.2\junit-jupiter-engine-5.9.2.jar;C:\Users\320192730\.m2\repository\org\junit\platform\junit-platform-engine\1.9.2\junit-platform-engine-1.9.2.jar;C:\Users\320192730\.m2\repository\org\mockito\mockito-core\4.8.1\mockito-core-4.8.1.jar;C:\Users\320192730\.m2\repository\net\bytebuddy\byte-buddy-agent\1.12.23\byte-buddy-agent-1.12.23.jar;C:\Users\320192730\.m2\repository\org\objenesis\objenesis\3.2\objenesis-3.2.jar;C:\Users\320192730\.m2\repository\org\mockito\mockito-junit-jupiter\4.8.1\mockito-junit-jupiter-4.8.1.jar;C:\Users\320192730\.m2\repository\org\skyscreamer\jsonassert\1.5.1\jsonassert-1.5.1.jar;C:\Users\320192730\.m2\repository\com\vaadin\external\google\android-json\0.0.20131108.vaadin1\android-json-0.0.20131108.vaadin1.jar;C:\Users\320192730\.m2\repository\org\springframework\spring-core\6.0.6\spring-core-6.0.6.jar;C:\Users\320192730\.m2\repository\org\springframework\spring-jcl\6.0.6\spring-jcl-6.0.6.jar;C:\Users\320192730\.m2\repository\org\springframework\spring-test\6.0.6\spring-test-6.0.6.jar;C:\Users\320192730\.m2\repository\org\xmlunit\xmlunit-core\2.9.1\xmlunit-core-2.9.1.jar;C:\Users\320192730\.m2\repository\jakarta\xml\bind\jakarta.xml.bind-api\2.3.3\jakarta.xml.bind-api-2.3.3.jar;C:\Users\320192730\.m2\repository\jakarta\activation\jakarta.activation-api\2.1.1\jakarta.activation-api-2.1.1.jar;C:\Users\320192730\.m2\repository\jakarta\servlet\jakarta.servlet-api\4.0.4\jakarta.servlet-api-4.0.4.jar;C:\Users\320192730\.m2\repository\org\springframework\boot\spring-boot-starter-oauth2-resource-server\3.0.4\spring-boot-starter-oauth2-resource-server-3.0.4.jar;C:\Users\320192730\.m2\repository\org\springframework\security\spring-security-config\6.0.2\spring-security-config-6.0.2.jar;C:\Users\320192730\.m2\repository\org\springframework\security\spring-security-oauth2-resource-server\6.0.2\spring-security-oauth2-resource-server-6.0.2.jar;C:\Users\320192730\.m2\repository\org\springframework\security\spring-security-oauth2-core\6.0.2\spring-security-oauth2-core-6.0.2.jar;C:\Users\320192730\.m2\repository\org\springframework\security\spring-security-web\6.0.2\spring-security-web-6.0.2.jar;C:\Users\320192730\.m2\repository\org\springframework\security\spring-security-oauth2-jose\6.0.2\spring-security-oauth2-jose-6.0.2.jar;C:\Users\320192730\.m2\repository\org\springframework\vault\spring-vault-core\3.0.2\spring-vault-core-3.0.2.jar;C:\Users\320192730\.m2\repository\org\springframework\spring-context\6.0.6\spring-context-6.0.6.jar;C:\Users\320192730\.m2\repository\org\springframework\spring-beans\6.0.6\spring-beans-6.0.6.jar;C:\Users\320192730\.m2\repository\com\fasterxml\jackson\core\jackson-databind\2.14.2\jackson-databind-2.14.2.jar;C:\Users\320192730\.m2\repository\joda-time\joda-time\2.12.5\joda-time-2.12.5.jar;"/>
    <property name="java.vm.vendor" value="Amazon.com Inc."/>
    <property name="sun.arch.data.model" value="64"/>
    <property name="user.variant" value=""/>
    <property name="java.vendor.url" value="https://aws.amazon.com/corretto/"/>
    <property name="user.timezone" value="Asia/Calcutta"/>
    <property name="os.name" value="Windows 10"/>
    <property name="java.vm.specification.version" value="17"/>
    <property name="sun.java.launcher" value="SUN_STANDARD"/>
    <property name="user.country" value="US"/>
    <property name="sun.boot.library.path" value="C:\Program Files\Amazon Corretto\jdk17.0.7_7\bin"/>
    <property name="sun.java.command" value="C:\Users\320192~1\AppData\Local\Temp\surefire350617954448818291\surefirebooter11021301166093271803.jar C:\Users\320192730\AppData\Local\Temp\surefire350617954448818291 2023-07-27T13-01-44_845-jvmRun1 surefire5398419174147971335tmp surefire_116099015999943220055tmp"/>
    <property name="jdk.debug" value="release"/>
    <property name="surefire.test.class.path" value="C:\msworkspace\telemetry-data-service\target\test-classes;C:\msworkspace\telemetry-data-service\target\classes;C:\Users\320192730\.m2\repository\org\springframework\boot\spring-boot-starter-web\3.0.4\spring-boot-starter-web-3.0.4.jar;C:\Users\320192730\.m2\repository\org\springframework\boot\spring-boot-starter\3.0.4\spring-boot-starter-3.0.4.jar;C:\Users\320192730\.m2\repository\org\springframework\boot\spring-boot\3.0.4\spring-boot-3.0.4.jar;C:\Users\320192730\.m2\repository\org\springframework\boot\spring-boot-autoconfigure\3.0.4\spring-boot-autoconfigure-3.0.4.jar;C:\Users\320192730\.m2\repository\jakarta\annotation\jakarta.annotation-api\2.1.1\jakarta.annotation-api-2.1.1.jar;C:\Users\320192730\.m2\repository\org\springframework\boot\spring-boot-starter-json\3.0.4\spring-boot-starter-json-3.0.4.jar;C:\Users\320192730\.m2\repository\com\fasterxml\jackson\datatype\jackson-datatype-jdk8\2.14.2\jackson-datatype-jdk8-2.14.2.jar;C:\Users\320192730\.m2\repository\com\fasterxml\jackson\module\jackson-module-parameter-names\2.14.2\jackson-module-parameter-names-2.14.2.jar;C:\Users\320192730\.m2\repository\org\springframework\boot\spring-boot-starter-tomcat\3.0.4\spring-boot-starter-tomcat-3.0.4.jar;C:\Users\320192730\.m2\repository\org\apache\tomcat\embed\tomcat-embed-core\10.1.5\tomcat-embed-core-10.1.5.jar;C:\Users\320192730\.m2\repository\org\apache\tomcat\embed\tomcat-embed-websocket\10.1.5\tomcat-embed-websocket-10.1.5.jar;C:\Users\320192730\.m2\repository\org\springframework\spring-web\6.0.6\spring-web-6.0.6.jar;C:\Users\320192730\.m2\repository\io\micrometer\micrometer-observation\1.10.4\micrometer-observation-1.10.4.jar;C:\Users\320192730\.m2\repository\io\micrometer\micrometer-commons\1.10.4\micrometer-commons-1.10.4.jar;C:\Users\320192730\.m2\repository\org\springframework\spring-webmvc\6.0.6\spring-webmvc-6.0.6.jar;C:\Users\320192730\.m2\repository\org\springframework\spring-aop\6.0.6\spring-aop-6.0.6.jar;C:\Users\320192730\.m2\repository\org\springframework\spring-expression\6.0.6\spring-expression-6.0.6.jar;C:\Users\320192730\.m2\repository\com\philips\ps\prs\prs-common-core\0.2.3-RELEASE\prs-common-core-0.2.3-RELEASE.jar;C:\Users\320192730\.m2\repository\org\hibernate\validator\hibernate-validator\8.0.0.Final\hibernate-validator-8.0.0.Final.jar;C:\Users\320192730\.m2\repository\jakarta\validation\jakarta.validation-api\3.0.2\jakarta.validation-api-3.0.2.jar;C:\Users\320192730\.m2\repository\org\jboss\logging\jboss-logging\3.5.0.Final\jboss-logging-3.5.0.Final.jar;C:\Users\320192730\.m2\repository\com\fasterxml\classmate\1.5.1\classmate-1.5.1.jar;C:\Users\320192730\.m2\repository\com\google\guava\guava\25.0-jre\guava-25.0-jre.jar;C:\Users\320192730\.m2\repository\com\google\code\findbugs\jsr305\1.3.9\jsr305-1.3.9.jar;C:\Users\320192730\.m2\repository\org\checkerframework\checker-compat-qual\2.0.0\checker-compat-qual-2.0.0.jar;C:\Users\320192730\.m2\repository\com\google\errorprone\error_prone_annotations\2.1.3\error_prone_annotations-2.1.3.jar;C:\Users\320192730\.m2\repository\com\google\j2objc\j2objc-annotations\1.1\j2objc-annotations-1.1.jar;C:\Users\320192730\.m2\repository\org\codehaus\mojo\animal-sniffer-annotations\1.14\animal-sniffer-annotations-1.14.jar;C:\Users\320192730\.m2\repository\org\springframework\security\spring-security-core\6.0.2\spring-security-core-6.0.2.jar;C:\Users\320192730\.m2\repository\org\springframework\security\spring-security-crypto\6.0.2\spring-security-crypto-6.0.2.jar;C:\Users\320192730\.m2\repository\org\codehaus\jackson\jackson-mapper-asl\1.9.13\jackson-mapper-asl-1.9.13.jar;C:\Users\320192730\.m2\repository\org\codehaus\jackson\jackson-core-asl\1.9.13\jackson-core-asl-1.9.13.jar;C:\Users\320192730\.m2\repository\com\philips\ps\prs\prs-common-vault\0.1.7-RELEASE\prs-common-vault-0.1.7-RELEASE.jar;C:\Users\320192730\.m2\repository\com\philips\ps\prs\prs-common-audit\0.1.10-RELEASE\prs-common-audit-0.1.10-RELEASE.jar;C:\Users\320192730\.m2\repository\org\apache\commons\commons-collections4\4.4\commons-collections4-4.4.jar;C:\Users\320192730\.m2\repository\ca\uhn\hapi\fhir\hapi-fhir-structures-hl7org-dstu2\3.2.0\hapi-fhir-structures-hl7org-dstu2-3.2.0.jar;C:\Users\320192730\.m2\repository\ca\uhn\hapi\fhir\hapi-fhir-base\3.2.0\hapi-fhir-base-3.2.0.jar;C:\Users\320192730\.m2\repository\commons-io\commons-io\2.5\commons-io-2.5.jar;C:\Users\320192730\.m2\repository\org\slf4j\jcl-over-slf4j\2.0.6\jcl-over-slf4j-2.0.6.jar;C:\Users\320192730\.m2\repository\ca\uhn\hapi\fhir\hapi-fhir-utilities\3.2.0\hapi-fhir-utilities-3.2.0.jar;C:\Users\320192730\.m2\repository\xpp3\xpp3_min\1.1.4c\xpp3_min-1.1.4c.jar;C:\Users\320192730\.m2\repository\net\sf\saxon\Saxon-HE\9.5.1-5\Saxon-HE-9.5.1-5.jar;C:\Users\320192730\.m2\repository\com\philips\ps\prs\prs-common-auth\1.1.13-RELEASE\prs-common-auth-1.1.13-RELEASE.jar;C:\Users\320192730\.m2\repository\com\fasterxml\jackson\datatype\jackson-datatype-jsr310\2.14.2\jackson-datatype-jsr310-2.14.2.jar;C:\Users\320192730\.m2\repository\org\springframework\cloud\spring-cloud-spring-service-connector\2.0.1.RELEASE\spring-cloud-spring-service-connector-2.0.1.RELEASE.jar;C:\Users\320192730\.m2\repository\org\springframework\cloud\spring-cloud-connectors-core\2.0.1.RELEASE\spring-cloud-connectors-core-2.0.1.RELEASE.jar;C:\Users\320192730\.m2\repository\org\springframework\data\spring-data-redis\3.0.3\spring-data-redis-3.0.3.jar;C:\Users\320192730\.m2\repository\org\springframework\data\spring-data-keyvalue\3.0.3\spring-data-keyvalue-3.0.3.jar;C:\Users\320192730\.m2\repository\org\springframework\data\spring-data-commons\3.0.3\spring-data-commons-3.0.3.jar;C:\Users\320192730\.m2\repository\org\springframework\spring-tx\6.0.6\spring-tx-6.0.6.jar;C:\Users\320192730\.m2\repository\org\springframework\spring-oxm\6.0.6\spring-oxm-6.0.6.jar;C:\Users\320192730\.m2\repository\org\springframework\spring-context-support\6.0.6\spring-context-support-6.0.6.jar;C:\Users\320192730\.m2\repository\org\slf4j\slf4j-api\2.0.6\slf4j-api-2.0.6.jar;C:\Users\320192730\.m2\repository\redis\clients\jedis\4.3.1\jedis-4.3.1.jar;C:\Users\320192730\.m2\repository\org\apache\commons\commons-pool2\2.11.1\commons-pool2-2.11.1.jar;C:\Users\320192730\.m2\repository\org\json\json\20220320\json-20220320.jar;C:\Users\320192730\.m2\repository\com\jayway\jsonpath\json-path\2.7.0\json-path-2.7.0.jar;C:\Users\320192730\.m2\repository\net\minidev\json-smart\2.4.8\json-smart-2.4.8.jar;C:\Users\320192730\.m2\repository\net\minidev\accessors-smart\2.4.8\accessors-smart-2.4.8.jar;C:\Users\320192730\.m2\repository\org\ow2\asm\asm\9.1\asm-9.1.jar;C:\Users\320192730\.m2\repository\com\philips\dhp\audit-sdk\2.1.0.5-RELEASE\audit-sdk-2.1.0.5-RELEASE.jar;C:\Users\320192730\.m2\repository\org\apache\httpcomponents\httpclient\4.5.14\httpclient-4.5.14.jar;C:\Users\320192730\.m2\repository\org\apache\httpcomponents\httpcore\4.4.16\httpcore-4.4.16.jar;C:\Users\320192730\.m2\repository\commons-codec\commons-codec\1.15\commons-codec-1.15.jar;C:\Users\320192730\.m2\repository\com\philips\dhp\audit-model\2.1.0.5-RELEASE\audit-model-2.1.0.5-RELEASE.jar;C:\Users\320192730\.m2\repository\org\springframework\boot\spring-boot-starter-log4j2\3.0.4\spring-boot-starter-log4j2-3.0.4.jar;C:\Users\320192730\.m2\repository\org\apache\logging\log4j\log4j-slf4j2-impl\2.19.0\log4j-slf4j2-impl-2.19.0.jar;C:\Users\320192730\.m2\repository\org\springframework\cloud\spring-cloud-localconfig-connector\2.0.4.RELEASE\spring-cloud-localconfig-connector-2.0.4.RELEASE.jar;C:\Users\320192730\.m2\repository\org\apache\commons\commons-lang3\3.12.0\commons-lang3-3.12.0.jar;C:\Users\320192730\.m2\repository\org\springframework\cloud\spring-cloud-cloudfoundry-connector\2.0.4.RELEASE\spring-cloud-cloudfoundry-connector-2.0.4.RELEASE.jar;C:\Users\320192730\.m2\repository\org\apache\logging\log4j\log4j-1.2-api\2.19.0\log4j-1.2-api-2.19.0.jar;C:\Users\320192730\.m2\repository\org\apache\logging\log4j\log4j-api\2.19.0\log4j-api-2.19.0.jar;C:\Users\320192730\.m2\repository\org\apache\logging\log4j\log4j-core\2.19.0\log4j-core-2.19.0.jar;C:\Users\320192730\.m2\repository\org\apache\logging\log4j\log4j-web\2.19.0\log4j-web-2.19.0.jar;C:\Users\320192730\.m2\repository\org\apache\logging\log4j\log4j-jul\2.19.0\log4j-jul-2.19.0.jar;C:\Users\320192730\.m2\repository\org\glassfish\jaxb\jaxb-runtime\4.0.2\jaxb-runtime-4.0.2.jar;C:\Users\320192730\.m2\repository\org\glassfish\jaxb\jaxb-core\4.0.2\jaxb-core-4.0.2.jar;C:\Users\320192730\.m2\repository\org\eclipse\angus\angus-activation\2.0.0\angus-activation-2.0.0.jar;C:\Users\320192730\.m2\repository\org\glassfish\jaxb\txw2\4.0.2\txw2-4.0.2.jar;C:\Users\320192730\.m2\repository\com\sun\istack\istack-commons-runtime\4.1.1\istack-commons-runtime-4.1.1.jar;C:\Users\320192730\.m2\repository\com\google\code\gson\gson\2.9.1\gson-2.9.1.jar;C:\Users\320192730\.m2\repository\com\fasterxml\jackson\core\jackson-annotations\2.14.2\jackson-annotations-2.14.2.jar;C:\Users\320192730\.m2\repository\com\fasterxml\jackson\core\jackson-core\2.14.2\jackson-core-2.14.2.jar;C:\Users\320192730\.m2\repository\com\nimbusds\nimbus-jose-jwt\9.22\nimbus-jose-jwt-9.22.jar;C:\Users\320192730\.m2\repository\com\github\stephenc\jcip\jcip-annotations\1.0-1\jcip-annotations-1.0-1.jar;C:\Users\320192730\.m2\repository\org\jsoup\jsoup\1.15.1\jsoup-1.15.1.jar;C:\Users\320192730\.m2\repository\org\owasp\encoder\encoder\1.2.3\encoder-1.2.3.jar;C:\Users\320192730\.m2\repository\org\springframework\boot\spring-boot-starter-validation\3.0.4\spring-boot-starter-validation-3.0.4.jar;C:\Users\320192730\.m2\repository\org\apache\tomcat\embed\tomcat-embed-el\10.1.5\tomcat-embed-el-10.1.5.jar;C:\Users\320192730\.m2\repository\org\projectlombok\lombok\1.18.24\lombok-1.18.24.jar;C:\Users\320192730\.m2\repository\org\yaml\snakeyaml\2.0\snakeyaml-2.0.jar;C:\Users\320192730\.m2\repository\org\springframework\boot\spring-boot-starter-test\3.0.4\spring-boot-starter-test-3.0.4.jar;C:\Users\320192730\.m2\repository\org\springframework\boot\spring-boot-test\3.0.4\spring-boot-test-3.0.4.jar;C:\Users\320192730\.m2\repository\org\springframework\boot\spring-boot-test-autoconfigure\3.0.4\spring-boot-test-autoconfigure-3.0.4.jar;C:\Users\320192730\.m2\repository\org\assertj\assertj-core\3.23.1\assertj-core-3.23.1.jar;C:\Users\320192730\.m2\repository\net\bytebuddy\byte-buddy\1.12.23\byte-buddy-1.12.23.jar;C:\Users\320192730\.m2\repository\org\hamcrest\hamcrest\2.2\hamcrest-2.2.jar;C:\Users\320192730\.m2\repository\org\junit\jupiter\junit-jupiter\5.9.2\junit-jupiter-5.9.2.jar;C:\Users\320192730\.m2\repository\org\junit\jupiter\junit-jupiter-api\5.9.2\junit-jupiter-api-5.9.2.jar;C:\Users\320192730\.m2\repository\org\opentest4j\opentest4j\1.2.0\opentest4j-1.2.0.jar;C:\Users\320192730\.m2\repository\org\junit\platform\junit-platform-commons\1.9.2\junit-platform-commons-1.9.2.jar;C:\Users\320192730\.m2\repository\org\apiguardian\apiguardian-api\1.1.2\apiguardian-api-1.1.2.jar;C:\Users\320192730\.m2\repository\org\junit\jupiter\junit-jupiter-params\5.9.2\junit-jupiter-params-5.9.2.jar;C:\Users\320192730\.m2\repository\org\junit\jupiter\junit-jupiter-engine\5.9.2\junit-jupiter-engine-5.9.2.jar;C:\Users\320192730\.m2\repository\org\junit\platform\junit-platform-engine\1.9.2\junit-platform-engine-1.9.2.jar;C:\Users\320192730\.m2\repository\org\mockito\mockito-core\4.8.1\mockito-core-4.8.1.jar;C:\Users\320192730\.m2\repository\net\bytebuddy\byte-buddy-agent\1.12.23\byte-buddy-agent-1.12.23.jar;C:\Users\320192730\.m2\repository\org\objenesis\objenesis\3.2\objenesis-3.2.jar;C:\Users\320192730\.m2\repository\org\mockito\mockito-junit-jupiter\4.8.1\mockito-junit-jupiter-4.8.1.jar;C:\Users\320192730\.m2\repository\org\skyscreamer\jsonassert\1.5.1\jsonassert-1.5.1.jar;C:\Users\320192730\.m2\repository\com\vaadin\external\google\android-json\0.0.20131108.vaadin1\android-json-0.0.20131108.vaadin1.jar;C:\Users\320192730\.m2\repository\org\springframework\spring-core\6.0.6\spring-core-6.0.6.jar;C:\Users\320192730\.m2\repository\org\springframework\spring-jcl\6.0.6\spring-jcl-6.0.6.jar;C:\Users\320192730\.m2\repository\org\springframework\spring-test\6.0.6\spring-test-6.0.6.jar;C:\Users\320192730\.m2\repository\org\xmlunit\xmlunit-core\2.9.1\xmlunit-core-2.9.1.jar;C:\Users\320192730\.m2\repository\jakarta\xml\bind\jakarta.xml.bind-api\2.3.3\jakarta.xml.bind-api-2.3.3.jar;C:\Users\320192730\.m2\repository\jakarta\activation\jakarta.activation-api\2.1.1\jakarta.activation-api-2.1.1.jar;C:\Users\320192730\.m2\repository\jakarta\servlet\jakarta.servlet-api\4.0.4\jakarta.servlet-api-4.0.4.jar;C:\Users\320192730\.m2\repository\org\springframework\boot\spring-boot-starter-oauth2-resource-server\3.0.4\spring-boot-starter-oauth2-resource-server-3.0.4.jar;C:\Users\320192730\.m2\repository\org\springframework\security\spring-security-config\6.0.2\spring-security-config-6.0.2.jar;C:\Users\320192730\.m2\repository\org\springframework\security\spring-security-oauth2-resource-server\6.0.2\spring-security-oauth2-resource-server-6.0.2.jar;C:\Users\320192730\.m2\repository\org\springframework\security\spring-security-oauth2-core\6.0.2\spring-security-oauth2-core-6.0.2.jar;C:\Users\320192730\.m2\repository\org\springframework\security\spring-security-web\6.0.2\spring-security-web-6.0.2.jar;C:\Users\320192730\.m2\repository\org\springframework\security\spring-security-oauth2-jose\6.0.2\spring-security-oauth2-jose-6.0.2.jar;C:\Users\320192730\.m2\repository\org\springframework\vault\spring-vault-core\3.0.2\spring-vault-core-3.0.2.jar;C:\Users\320192730\.m2\repository\org\springframework\spring-context\6.0.6\spring-context-6.0.6.jar;C:\Users\320192730\.m2\repository\org\springframework\spring-beans\6.0.6\spring-beans-6.0.6.jar;C:\Users\320192730\.m2\repository\com\fasterxml\jackson\core\jackson-databind\2.14.2\jackson-databind-2.14.2.jar;C:\Users\320192730\.m2\repository\joda-time\joda-time\2.12.5\joda-time-2.12.5.jar;"/>
    <property name="sun.cpu.endian" value="little"/>
    <property name="user.home" value="C:\Users\320192730"/>
    <property name="user.language" value="en"/>
    <property name="java.specification.vendor" value="Oracle Corporation"/>
    <property name="java.version.date" value="2023-04-18"/>
    <property name="java.home" value="C:\Program Files\Amazon Corretto\jdk17.0.7_7"/>
    <property name="file.separator" value="\"/>
    <property name="basedir" value="C:\msworkspace\telemetry-data-service"/>
    <property name="java.vm.compressedOopsMode" value="Zero based"/>
    <property name="line.separator" value="&#10;"/>
    <property name="java.vm.specification.vendor" value="Oracle Corporation"/>
    <property name="java.specification.name" value="Java Platform API Specification"/>
    <property name="surefire.real.class.path" value="C:\Users\320192~1\AppData\Local\Temp\surefire350617954448818291\surefirebooter11021301166093271803.jar"/>
    <property name="user.script" value=""/>
    <property name="sun.management.compiler" value="HotSpot 64-Bit Tiered Compilers"/>
    <property name="java.runtime.version" value="17.0.7+7-LTS"/>
    <property name="java.net.preferIPv4Stack" value="true"/>
    <property name="user.name" value="320192730"/>
    <property name="path.separator" value=";"/>
    <property name="os.version" value="10.0"/>
    <property name="java.runtime.name" value="OpenJDK Runtime Environment"/>
    <property name="file.encoding" value="Cp1252"/>
    <property name="java.vm.name" value="OpenJDK 64-Bit Server VM"/>
    <property name="java.vendor.version" value="Corretto-17.0.7.7.1"/>
    <property name="localRepository" value="C:\Users\320192730\.m2\repository"/>
    <property name="java.vendor.url.bug" value="https://github.com/corretto/corretto-17/issues/"/>
    <property name="java.io.tmpdir" value="C:\Users\320192~1\AppData\Local\Temp\"/>
    <property name="java.version" value="17.0.7"/>
    <property name="user.dir" value="C:\msworkspace\telemetry-data-service"/>
    <property name="os.arch" value="amd64"/>
    <property name="java.vm.specification.name" value="Java Virtual Machine Specification"/>
    <property name="sun.os.patch.level" value=""/>
    <property name="native.encoding" value="Cp1252"/>
    <property name="java.library.path" value="C:\Program Files\Amazon Corretto\jdk17.0.7_7\bin;C:\WINDOWS\Sun\Java\bin;C:\WINDOWS\system32;C:\WINDOWS;C:\Program Files\Amazon Corretto\jdk17.0.7_7\bin;C:\Program Files\Eclipse Adoptium\jdk-11.0.18.10-hotspot\bin;C:\Program Files\Java\openjdk-17.0.6;C:\WINDOWS\CCM\;C:\WINDOWS\system32;C:\WINDOWS;C:\WINDOWS\System32\Wbem;C:\WINDOWS\System32\WindowsPowerShell\v1.0\;C:\WINDOWS\System32\OpenSSH\;C:\WINDOWS\system32\config\systemprofile\AppData\Local\Microsoft\WindowsApps;C:\Program Files (x86)\Adaptiva\AdaptivaClient\bin\x32;C:\Program Files (x86)\Adaptiva\AdaptivaClient\bin\x64;C:\Program Files\1E\Client\Extensibility\NomadBranch;C:\Program Files\Git\cmd;C:\Program Files\Cloud Foundry;C:\Program Files\Docker\Docker\resources\bin;C:\ProgramData\DockerDesktop\version-bin;C:\Program Files\TortoiseSVN\bin;C:\Program Files\GitHub CLI\;C:\Program Files\nodejs\;C:\Program Files\apache-maven-3.8.7\bin;%GRADLE_HOME%\bin;C:\Program Files\Amazon\AWSCLIV2\;C:\Program Files\Amazon\AWSSAMCLI\bin\;C:\Program Files (x86)\Bitvise SSH Client;C:\Users\320192730\AppData\Local\Microsoft\WindowsApps;C:\Program Files\JetBrains\IntelliJ IDEA Community Edition 2023.1.4\bin;;C:\Users\320192730\AppData\Local\GitHubDesktop\bin;C:\Users\320192730\AppData\Local\Programs\Microsoft VS Code\bin;C:\Users\320192730\AppData\Roaming\npm;C:\Program Files\Multipass\bin;."/>
    <property name="java.vm.info" value="mixed mode, sharing"/>
    <property name="java.vendor" value="Amazon.com Inc."/>
    <property name="java.vm.version" value="17.0.7+7-LTS"/>
    <property name="sun.io.unicode.encoding" value="UnicodeLittle"/>
    <property name="java.class.version" value="61.0"/>
  </properties>
  <testcase name="insertTelemetryDataTests" classname="com.philips.ps.prs.telemetrydata.service.TelemetryDataServiceImplTest" time="0.224"/>
  <testcase name="insertTelemetryDataTestsFail" classname="com.philips.ps.prs.telemetrydata.service.TelemetryDataServiceImplTest" time="0.016"/>
  <testcase name="getTelemetryDataTestsFail" classname="com.philips.ps.prs.telemetrydata.service.TelemetryDataServiceImplTest" time="0.033"/>
  <testcase name="getTelemetryDataTestsFailStatus" classname="com.philips.ps.prs.telemetrydata.service.TelemetryDataServiceImplTest" time="0.142"/>
  <testcase name="getTelemetryDataTests" classname="com.philips.ps.prs.telemetrydata.service.TelemetryDataServiceImplTest" time="0.09"/>
</testsuite>